21:57:31.107 [main] [INFO ] com.connectlife.coreserver.Application - ConnectLife - CoreServer 1.0.0.0 is starting ...
21:57:31.109 [main] [INFO ] com.connectlife.coreserver.Application - Initialization started ...
21:57:31.109 [main] [INFO ] com.connectlife.coreserver.Application - Base path: '/Users/ericpinet/github/connectlife-coreserver/coreserver'.
21:57:31.110 [main] [INFO ] com.connectlife.coreserver.modules.ModuleFactory - Prepare module in progress ...
21:57:31.115 [main] [INFO ] com.connectlife.coreserver.modules.ModuleFactory - Prepare module completed.
21:57:31.115 [main] [INFO ] com.connectlife.coreserver.modules.datamanager.DataManager - Initialization in progress ...
21:57:31.118 [main] [INFO ] com.connectlife.coreserver.modules.datamanager.DataManager - Load database file 'connectlife-coreserver.db'
21:57:31.244 [main] [INFO ] com.connectlife.coreserver.modules.datamanager.DataManager - Set database default timeout '30'
21:57:31.246 [main] [INFO ] com.connectlife.coreserver.modules.datamanager.DataManager - Database version 1.0.0.4 is good.
21:57:31.246 [main] [INFO ] com.connectlife.coreserver.modules.datamanager.DataManager - Initialization completed.
21:57:31.246 [main] [INFO ] com.connectlife.coreserver.modules.apiserver.ApiServer - Initialization in progress ...
21:57:31.390 [main] [INFO ] com.connectlife.coreserver.modules.apiserver.ApiServer - Http server started with this configuration :
21:57:31.390 [main] [INFO ] com.connectlife.coreserver.modules.apiserver.ApiServer - TCP/IP Port: 9006
21:57:31.390 [main] [INFO ] com.connectlife.coreserver.modules.apiserver.ApiServer - Initialization completed.
21:57:31.390 [main] [INFO ] com.connectlife.coreserver.Application - Initialization completed.
21:57:31.391 [main] [INFO ] com.connectlife.coreserver.modules.datamanager.DataManager - UnInitialization in progress ...
21:57:31.392 [main] [INFO ] com.connectlife.coreserver.modules.datamanager.DataManager - UnInitialization completed.
21:57:31.392 [main] [INFO ] com.connectlife.coreserver.modules.apiserver.ApiServer - UnInitialization in progress ...
21:57:31.392 [main] [INFO ] com.connectlife.coreserver.modules.apiserver.ApiServer - UnInitialization completed.
21:57:31.392 [main] [INFO ] com.connectlife.coreserver.Application - ConnectLife - CoreServer 1.0.0.0 closed.
21:57:37.870 [main] [INFO ] com.connectlife.coreserver.Application - ConnectLife - CoreServer 1.0.0.0 is starting ...
21:57:37.872 [main] [INFO ] com.connectlife.coreserver.Application - Initialization started ...
21:57:37.873 [main] [INFO ] com.connectlife.coreserver.Application - Base path: '/Users/ericpinet/github/connectlife-coreserver/coreserver'.
21:57:37.873 [main] [INFO ] com.connectlife.coreserver.modules.ModuleFactory - Prepare module in progress ...
21:57:37.878 [main] [INFO ] com.connectlife.coreserver.modules.ModuleFactory - Prepare module completed.
21:57:37.878 [main] [INFO ] com.connectlife.coreserver.modules.datamanager.DataManager - Initialization in progress ...
21:57:37.882 [main] [INFO ] com.connectlife.coreserver.modules.datamanager.DataManager - Load database file 'connectlife-coreserver.db'
21:57:38.011 [main] [INFO ] com.connectlife.coreserver.modules.datamanager.DataManager - Set database default timeout '30'
21:57:38.012 [main] [INFO ] com.connectlife.coreserver.modules.datamanager.DataManager - Database version 1.0.0.4 is good.
21:57:38.012 [main] [INFO ] com.connectlife.coreserver.modules.datamanager.DataManager - Initialization completed.
21:57:38.012 [main] [INFO ] com.connectlife.coreserver.modules.apiserver.ApiServer - Initialization in progress ...
21:57:38.127 [main] [ERROR] com.connectlife.coreserver.modules.apiserver.ApiServer - Unable to start or join http server.
21:57:38.133 [main] [ERROR] com.connectlife.coreserver.Application - java.net.BindException: Address already in use
21:57:38.134 [main] [ERROR] com.connectlife.coreserver.Application - 	at sun.nio.ch.Net.bind0(Native Method)
21:57:38.134 [main] [ERROR] com.connectlife.coreserver.Application - 	at sun.nio.ch.Net.bind(Net.java:433)
21:57:38.134 [main] [ERROR] com.connectlife.coreserver.Application - 	at sun.nio.ch.Net.bind(Net.java:425)
21:57:38.134 [main] [ERROR] com.connectlife.coreserver.Application - 	at sun.nio.ch.ServerSocketChannelImpl.bind(ServerSocketChannelImpl.java:223)
21:57:38.134 [main] [ERROR] com.connectlife.coreserver.Application - 	at sun.nio.ch.ServerSocketAdaptor.bind(ServerSocketAdaptor.java:74)
21:57:38.134 [main] [ERROR] com.connectlife.coreserver.Application - 	at org.eclipse.jetty.server.ServerConnector.open(ServerConnector.java:326)
21:57:38.135 [main] [ERROR] com.connectlife.coreserver.Application - 	at org.eclipse.jetty.server.AbstractNetworkConnector.doStart(AbstractNetworkConnector.java:80)
21:57:38.135 [main] [ERROR] com.connectlife.coreserver.Application - 	at org.eclipse.jetty.server.ServerConnector.doStart(ServerConnector.java:244)
21:57:38.135 [main] [ERROR] com.connectlife.coreserver.Application - 	at org.eclipse.jetty.util.component.AbstractLifeCycle.start(AbstractLifeCycle.java:68)
21:57:38.135 [main] [ERROR] com.connectlife.coreserver.Application - 	at org.eclipse.jetty.server.Server.doStart(Server.java:384)
21:57:38.135 [main] [ERROR] com.connectlife.coreserver.Application - 	at org.eclipse.jetty.util.component.AbstractLifeCycle.start(AbstractLifeCycle.java:68)
21:57:38.135 [main] [ERROR] com.connectlife.coreserver.Application - 	at com.connectlife.coreserver.modules.apiserver.ApiServer.init(ApiServer.java:104)
21:57:38.135 [main] [ERROR] com.connectlife.coreserver.Application - 	at com.connectlife.coreserver.Application.initModules(Application.java:140)
21:57:38.135 [main] [ERROR] com.connectlife.coreserver.Application - 	at com.connectlife.coreserver.Application.init(Application.java:86)
21:57:38.136 [main] [ERROR] com.connectlife.coreserver.Application - 	at com.connectlife.coreserver.Application.main(Application.java:51)
21:57:38.136 [main] [ERROR] com.connectlife.coreserver.modules.apiserver.ApiServer - Initialization failed.
21:57:38.136 [main] [INFO ] com.connectlife.coreserver.modules.datamanager.DataManager - UnInitialization in progress ...
21:57:38.137 [main] [INFO ] com.connectlife.coreserver.modules.datamanager.DataManager - UnInitialization completed.
21:57:38.137 [main] [INFO ] com.connectlife.coreserver.Application - ConnectLife - CoreServer 1.0.0.0 closed.
22:02:17.751 [main] [INFO ] com.connectlife.coreserver.Application - ConnectLife - CoreServer 1.0.0.0 is starting ...
22:02:17.753 [main] [INFO ] com.connectlife.coreserver.Application - Initialization started ...
22:02:17.754 [main] [INFO ] com.connectlife.coreserver.Application - Base path: '/Users/ericpinet/github/connectlife-coreserver/coreserver'.
22:02:17.755 [main] [INFO ] com.connectlife.coreserver.modules.ModuleFactory - Prepare module in progress ...
22:02:17.762 [main] [INFO ] com.connectlife.coreserver.modules.ModuleFactory - Prepare module completed.
22:02:17.763 [main] [INFO ] com.connectlife.coreserver.modules.datamanager.DataManager - Initialization in progress ...
22:02:17.772 [main] [INFO ] com.connectlife.coreserver.modules.datamanager.DataManager - Load database file 'connectlife-coreserver.db'
22:02:17.914 [main] [INFO ] com.connectlife.coreserver.modules.datamanager.DataManager - Set database default timeout '30'
22:02:17.916 [main] [INFO ] com.connectlife.coreserver.modules.datamanager.DataManager - Database version 1.0.0.4 is good.
22:02:17.916 [main] [INFO ] com.connectlife.coreserver.modules.datamanager.DataManager - Initialization completed.
22:02:17.916 [main] [INFO ] com.connectlife.coreserver.modules.apiserver.ApiServer - Initialization in progress ...
22:02:18.046 [main] [ERROR] com.connectlife.coreserver.modules.apiserver.ApiServer - Unable to start or join http server.
22:02:18.049 [main] [INFO ] com.connectlife.coreserver.Application - Stacktrace: 
java.lang.Thread.getStackTrace(Thread.java:1552)
com.connectlife.coreserver.tools.errormanagement.StdOutErrLog.tieSystemOutAndErrToLog(StdOutErrLog.java:39)
com.connectlife.coreserver.modules.apiserver.ApiServer.init(ApiServer.java:114)
com.connectlife.coreserver.Application.initModules(Application.java:140)
com.connectlife.coreserver.Application.init(Application.java:86)
com.connectlife.coreserver.Application.main(Application.java:52)
22:02:18.049 [main] [ERROR] com.connectlife.coreserver.modules.apiserver.ApiServer - Initialization failed.
22:02:18.049 [main] [INFO ] com.connectlife.coreserver.modules.datamanager.DataManager - UnInitialization in progress ...
22:02:18.050 [main] [INFO ] com.connectlife.coreserver.modules.datamanager.DataManager - UnInitialization completed.
22:02:18.051 [main] [INFO ] com.connectlife.coreserver.Application - ConnectLife - CoreServer 1.0.0.0 closed.
22:03:17.182 [main] [INFO ] com.connectlife.coreserver.Application - ConnectLife - CoreServer 1.0.0.0 is starting ...
22:03:17.184 [main] [INFO ] com.connectlife.coreserver.Application - Initialization started ...
22:03:17.184 [main] [INFO ] com.connectlife.coreserver.Application - Base path: '/Users/ericpinet/github/connectlife-coreserver/coreserver'.
22:03:17.185 [main] [INFO ] com.connectlife.coreserver.modules.ModuleFactory - Prepare module in progress ...
22:03:17.189 [main] [INFO ] com.connectlife.coreserver.modules.ModuleFactory - Prepare module completed.
22:03:17.190 [main] [INFO ] com.connectlife.coreserver.modules.datamanager.DataManager - Initialization in progress ...
22:03:17.193 [main] [INFO ] com.connectlife.coreserver.modules.datamanager.DataManager - Load database file 'connectlife-coreserver.db'
22:03:17.315 [main] [INFO ] com.connectlife.coreserver.modules.datamanager.DataManager - Set database default timeout '30'
22:03:17.316 [main] [INFO ] com.connectlife.coreserver.modules.datamanager.DataManager - Database version 1.0.0.4 is good.
22:03:17.317 [main] [INFO ] com.connectlife.coreserver.modules.datamanager.DataManager - Initialization completed.
22:03:17.317 [main] [INFO ] com.connectlife.coreserver.modules.apiserver.ApiServer - Initialization in progress ...
22:03:17.435 [main] [ERROR] com.connectlife.coreserver.modules.apiserver.ApiServer - Unable to start or join http server.
22:03:17.437 [main] [INFO ] com.connectlife.coreserver.Application - Stacktrace: 
java.lang.Thread.getStackTrace(Thread.java:1552)
com.connectlife.coreserver.tools.errormanagement.StdOutErrLog.tieSystemOutAndErrToLog(StdOutErrLog.java:37)
com.connectlife.coreserver.modules.apiserver.ApiServer.init(ApiServer.java:114)
com.connectlife.coreserver.Application.initModules(Application.java:140)
com.connectlife.coreserver.Application.init(Application.java:86)
com.connectlife.coreserver.Application.main(Application.java:52)
22:03:17.438 [main] [ERROR] com.connectlife.coreserver.modules.apiserver.ApiServer - Initialization failed.
22:03:17.438 [main] [INFO ] com.connectlife.coreserver.modules.datamanager.DataManager - UnInitialization in progress ...
22:03:17.438 [main] [INFO ] com.connectlife.coreserver.modules.datamanager.DataManager - UnInitialization completed.
22:03:17.439 [main] [INFO ] com.connectlife.coreserver.Application - ConnectLife - CoreServer 1.0.0.0 closed.
22:03:45.054 [main] [INFO ] com.connectlife.coreserver.Application - ConnectLife - CoreServer 1.0.0.0 is starting ...
22:03:45.057 [main] [INFO ] com.connectlife.coreserver.Application - Initialization started ...
22:03:45.057 [main] [INFO ] com.connectlife.coreserver.Application - Base path: '/Users/ericpinet/github/connectlife-coreserver/coreserver'.
22:03:45.058 [main] [INFO ] com.connectlife.coreserver.modules.ModuleFactory - Prepare module in progress ...
22:03:45.063 [main] [INFO ] com.connectlife.coreserver.modules.ModuleFactory - Prepare module completed.
22:03:45.063 [main] [INFO ] com.connectlife.coreserver.modules.datamanager.DataManager - Initialization in progress ...
22:03:45.066 [main] [INFO ] com.connectlife.coreserver.modules.datamanager.DataManager - Load database file 'connectlife-coreserver.db'
22:03:45.186 [main] [INFO ] com.connectlife.coreserver.modules.datamanager.DataManager - Set database default timeout '30'
22:03:45.187 [main] [INFO ] com.connectlife.coreserver.modules.datamanager.DataManager - Database version 1.0.0.4 is good.
22:03:45.188 [main] [INFO ] com.connectlife.coreserver.modules.datamanager.DataManager - Initialization completed.
22:03:45.188 [main] [INFO ] com.connectlife.coreserver.modules.apiserver.ApiServer - Initialization in progress ...
22:03:45.310 [main] [ERROR] com.connectlife.coreserver.modules.apiserver.ApiServer - Unable to start or join http server.
22:03:45.311 [main] [ERROR] com.connectlife.coreserver.modules.apiserver.ApiServer - Initialization failed.
22:03:45.312 [main] [INFO ] com.connectlife.coreserver.modules.datamanager.DataManager - UnInitialization in progress ...
22:03:45.312 [main] [INFO ] com.connectlife.coreserver.modules.datamanager.DataManager - UnInitialization completed.
22:03:45.312 [main] [INFO ] com.connectlife.coreserver.Application - ConnectLife - CoreServer 1.0.0.0 closed.
22:04:01.985 [main] [INFO ] com.connectlife.coreserver.Application - ConnectLife - CoreServer 1.0.0.0 is starting ...
22:04:01.987 [main] [INFO ] com.connectlife.coreserver.Application - Initialization started ...
22:04:01.987 [main] [INFO ] com.connectlife.coreserver.Application - Base path: '/Users/ericpinet/github/connectlife-coreserver/coreserver'.
22:04:01.988 [main] [INFO ] com.connectlife.coreserver.modules.ModuleFactory - Prepare module in progress ...
22:04:01.993 [main] [INFO ] com.connectlife.coreserver.modules.ModuleFactory - Prepare module completed.
22:04:01.993 [main] [INFO ] com.connectlife.coreserver.modules.datamanager.DataManager - Initialization in progress ...
22:04:01.997 [main] [INFO ] com.connectlife.coreserver.modules.datamanager.DataManager - Load database file 'connectlife-coreserver.db'
22:04:02.126 [main] [INFO ] com.connectlife.coreserver.modules.datamanager.DataManager - Set database default timeout '30'
22:04:02.128 [main] [INFO ] com.connectlife.coreserver.modules.datamanager.DataManager - Database version 1.0.0.4 is good.
22:04:02.129 [main] [INFO ] com.connectlife.coreserver.modules.datamanager.DataManager - Initialization completed.
22:04:02.129 [main] [INFO ] com.connectlife.coreserver.modules.apiserver.ApiServer - Initialization in progress ...
22:04:02.247 [main] [ERROR] com.connectlife.coreserver.modules.apiserver.ApiServer - Unable to start or join http server.
22:04:02.249 [main] [ERROR] com.connectlife.coreserver.modules.apiserver.ApiServer - Initialization failed.
22:04:02.249 [main] [INFO ] com.connectlife.coreserver.modules.datamanager.DataManager - UnInitialization in progress ...
22:04:02.250 [main] [INFO ] com.connectlife.coreserver.modules.datamanager.DataManager - UnInitialization completed.
22:04:02.250 [main] [INFO ] com.connectlife.coreserver.Application - ConnectLife - CoreServer 1.0.0.0 closed.
22:04:33.197 [main] [INFO ] com.connectlife.coreserver.Application - ConnectLife - CoreServer 1.0.0.0 is starting ...
22:04:33.199 [main] [INFO ] com.connectlife.coreserver.Application - Initialization started ...
22:04:33.200 [main] [INFO ] com.connectlife.coreserver.Application - Base path: '/Users/ericpinet/github/connectlife-coreserver/coreserver'.
22:04:33.201 [main] [INFO ] com.connectlife.coreserver.modules.ModuleFactory - Prepare module in progress ...
22:04:33.205 [main] [INFO ] com.connectlife.coreserver.modules.ModuleFactory - Prepare module completed.
22:04:33.206 [main] [INFO ] com.connectlife.coreserver.modules.datamanager.DataManager - Initialization in progress ...
22:04:33.209 [main] [INFO ] com.connectlife.coreserver.modules.datamanager.DataManager - Load database file 'connectlife-coreserver.db'
22:04:33.345 [main] [INFO ] com.connectlife.coreserver.modules.datamanager.DataManager - Set database default timeout '30'
22:04:33.346 [main] [INFO ] com.connectlife.coreserver.modules.datamanager.DataManager - Database version 1.0.0.4 is good.
22:04:33.346 [main] [INFO ] com.connectlife.coreserver.modules.datamanager.DataManager - Initialization completed.
22:04:33.346 [main] [INFO ] com.connectlife.coreserver.modules.apiserver.ApiServer - Initialization in progress ...
22:04:33.481 [main] [ERROR] com.connectlife.coreserver.modules.apiserver.ApiServer - Unable to start or join http server.
22:05:12.571 [main] [ERROR] com.connectlife.coreserver.modules.apiserver.ApiServer - Initialization failed.
22:05:12.572 [main] [INFO ] com.connectlife.coreserver.modules.datamanager.DataManager - UnInitialization in progress ...
22:05:12.573 [main] [INFO ] com.connectlife.coreserver.modules.datamanager.DataManager - UnInitialization completed.
22:05:12.573 [main] [INFO ] com.connectlife.coreserver.Application - ConnectLife - CoreServer 1.0.0.0 closed.
22:06:58.286 [main] [INFO ] com.connectlife.coreserver.Application - ConnectLife - CoreServer 1.0.0.0 is starting ...
22:06:58.288 [main] [INFO ] com.connectlife.coreserver.Application - Initialization started ...
22:06:58.288 [main] [INFO ] com.connectlife.coreserver.Application - Base path: '/Users/ericpinet/github/connectlife-coreserver/coreserver'.
22:06:58.289 [main] [INFO ] com.connectlife.coreserver.modules.ModuleFactory - Prepare module in progress ...
22:06:58.298 [main] [INFO ] com.connectlife.coreserver.modules.ModuleFactory - Prepare module completed.
22:06:58.299 [main] [INFO ] com.connectlife.coreserver.modules.datamanager.DataManager - Initialization in progress ...
22:06:58.307 [main] [INFO ] com.connectlife.coreserver.modules.datamanager.DataManager - Load database file 'connectlife-coreserver.db'
22:06:58.473 [main] [INFO ] com.connectlife.coreserver.modules.datamanager.DataManager - Set database default timeout '30'
22:06:58.474 [main] [INFO ] com.connectlife.coreserver.modules.datamanager.DataManager - Database version 1.0.0.4 is good.
22:06:58.474 [main] [INFO ] com.connectlife.coreserver.modules.datamanager.DataManager - Initialization completed.
22:06:58.475 [main] [INFO ] com.connectlife.coreserver.modules.apiserver.ApiServer - Initialization in progress ...
22:06:58.599 [main] [ERROR] com.connectlife.coreserver.modules.apiserver.ApiServer - Unable to start or join http server.
22:06:58.603 [main] [ERROR] com.connectlife.coreserver.modules.apiserver.ApiServer - Initialization failed.
22:06:58.603 [main] [INFO ] com.connectlife.coreserver.modules.datamanager.DataManager - UnInitialization in progress ...
22:06:58.603 [main] [INFO ] com.connectlife.coreserver.modules.datamanager.DataManager - UnInitialization completed.
22:06:58.604 [main] [INFO ] com.connectlife.coreserver.Application - ConnectLife - CoreServer 1.0.0.0 closed.
22:07:21.055 [main] [INFO ] com.connectlife.coreserver.Application - ConnectLife - CoreServer 1.0.0.0 is starting ...
22:07:21.057 [main] [INFO ] com.connectlife.coreserver.Application - Initialization started ...
22:07:21.058 [main] [INFO ] com.connectlife.coreserver.Application - Base path: '/Users/ericpinet/github/connectlife-coreserver/coreserver'.
22:07:21.060 [main] [INFO ] com.connectlife.coreserver.modules.ModuleFactory - Prepare module in progress ...
22:07:21.065 [main] [INFO ] com.connectlife.coreserver.modules.ModuleFactory - Prepare module completed.
22:07:21.065 [main] [INFO ] com.connectlife.coreserver.modules.datamanager.DataManager - Initialization in progress ...
22:07:21.069 [main] [INFO ] com.connectlife.coreserver.modules.datamanager.DataManager - Load database file 'connectlife-coreserver.db'
22:07:21.197 [main] [INFO ] com.connectlife.coreserver.modules.datamanager.DataManager - Set database default timeout '30'
22:07:21.199 [main] [INFO ] com.connectlife.coreserver.modules.datamanager.DataManager - Database version 1.0.0.4 is good.
22:07:21.200 [main] [INFO ] com.connectlife.coreserver.modules.datamanager.DataManager - Initialization completed.
22:07:21.200 [main] [INFO ] com.connectlife.coreserver.modules.apiserver.ApiServer - Initialization in progress ...
22:07:21.330 [main] [ERROR] com.connectlife.coreserver.modules.apiserver.ApiServer - Unable to start or join http server.
22:07:21.333 [main] [ERROR] com.connectlife.coreserver.modules.apiserver.ApiServer - Initialization failed.
22:07:21.333 [main] [INFO ] com.connectlife.coreserver.modules.datamanager.DataManager - UnInitialization in progress ...
22:07:21.334 [main] [INFO ] com.connectlife.coreserver.modules.datamanager.DataManager - UnInitialization completed.
22:07:21.334 [main] [INFO ] com.connectlife.coreserver.Application - ConnectLife - CoreServer 1.0.0.0 closed.
22:07:50.319 [main] [INFO ] com.connectlife.coreserver.Application - ConnectLife - CoreServer 1.0.0.0 is starting ...
22:07:50.322 [main] [INFO ] com.connectlife.coreserver.Application - Initialization started ...
22:07:50.322 [main] [INFO ] com.connectlife.coreserver.Application - Base path: '/Users/ericpinet/github/connectlife-coreserver/coreserver'.
22:07:50.324 [main] [INFO ] com.connectlife.coreserver.modules.ModuleFactory - Prepare module in progress ...
22:07:50.334 [main] [INFO ] com.connectlife.coreserver.modules.ModuleFactory - Prepare module completed.
22:07:50.335 [main] [INFO ] com.connectlife.coreserver.modules.datamanager.DataManager - Initialization in progress ...
22:07:50.345 [main] [INFO ] com.connectlife.coreserver.modules.datamanager.DataManager - Load database file 'connectlife-coreserver.db'
22:07:50.482 [main] [INFO ] com.connectlife.coreserver.modules.datamanager.DataManager - Set database default timeout '30'
22:07:50.484 [main] [INFO ] com.connectlife.coreserver.modules.datamanager.DataManager - Database version 1.0.0.4 is good.
22:07:50.484 [main] [INFO ] com.connectlife.coreserver.modules.datamanager.DataManager - Initialization completed.
22:07:50.484 [main] [INFO ] com.connectlife.coreserver.modules.apiserver.ApiServer - Initialization in progress ...
22:07:50.626 [main] [ERROR] com.connectlife.coreserver.modules.apiserver.ApiServer - Unable to start or join http server.
22:07:55.548 [main] [ERROR] com.connectlife.coreserver.modules.apiserver.ApiServer - Initialization failed.
22:07:55.549 [main] [INFO ] com.connectlife.coreserver.modules.datamanager.DataManager - UnInitialization in progress ...
22:07:55.549 [main] [INFO ] com.connectlife.coreserver.modules.datamanager.DataManager - UnInitialization completed.
22:07:55.549 [main] [INFO ] com.connectlife.coreserver.Application - ConnectLife - CoreServer 1.0.0.0 closed.
22:08:31.576 [main] [INFO ] com.connectlife.coreserver.Application - ConnectLife - CoreServer 1.0.0.0 is starting ...
22:08:31.577 [main] [INFO ] com.connectlife.coreserver.Application - Initialization started ...
22:08:31.578 [main] [INFO ] com.connectlife.coreserver.Application - Base path: '/Users/ericpinet/github/connectlife-coreserver/coreserver'.
22:08:31.579 [main] [INFO ] com.connectlife.coreserver.modules.ModuleFactory - Prepare module in progress ...
22:08:31.588 [main] [INFO ] com.connectlife.coreserver.modules.ModuleFactory - Prepare module completed.
22:08:31.589 [main] [INFO ] com.connectlife.coreserver.modules.datamanager.DataManager - Initialization in progress ...
22:08:31.594 [main] [INFO ] com.connectlife.coreserver.modules.datamanager.DataManager - Load database file 'connectlife-coreserver.db'
22:08:31.724 [main] [INFO ] com.connectlife.coreserver.modules.datamanager.DataManager - Set database default timeout '30'
22:08:31.725 [main] [INFO ] com.connectlife.coreserver.modules.datamanager.DataManager - Database version 1.0.0.4 is good.
22:08:31.726 [main] [INFO ] com.connectlife.coreserver.modules.datamanager.DataManager - Initialization completed.
22:08:31.726 [main] [INFO ] com.connectlife.coreserver.modules.apiserver.ApiServer - Initialization in progress ...
22:08:31.869 [main] [INFO ] com.connectlife.coreserver.modules.apiserver.ApiServer - Http server started with this configuration :
22:08:31.870 [main] [INFO ] com.connectlife.coreserver.modules.apiserver.ApiServer - TCP/IP Port: 9006
22:08:31.870 [main] [INFO ] com.connectlife.coreserver.modules.apiserver.ApiServer - Initialization completed.
22:08:31.870 [main] [INFO ] com.connectlife.coreserver.Application - Initialization completed.
22:08:31.870 [main] [INFO ] com.connectlife.coreserver.modules.datamanager.DataManager - UnInitialization in progress ...
22:08:31.871 [main] [INFO ] com.connectlife.coreserver.modules.datamanager.DataManager - UnInitialization completed.
22:08:31.871 [main] [INFO ] com.connectlife.coreserver.modules.apiserver.ApiServer - UnInitialization in progress ...
22:08:31.871 [main] [INFO ] com.connectlife.coreserver.modules.apiserver.ApiServer - UnInitialization completed.
22:08:31.871 [main] [INFO ] com.connectlife.coreserver.Application - ConnectLife - CoreServer 1.0.0.0 closed.
22:08:39.697 [main] [INFO ] com.connectlife.coreserver.Application - ConnectLife - CoreServer 1.0.0.0 is starting ...
22:08:39.698 [main] [INFO ] com.connectlife.coreserver.Application - Initialization started ...
22:08:39.699 [main] [INFO ] com.connectlife.coreserver.Application - Base path: '/Users/ericpinet/github/connectlife-coreserver/coreserver'.
22:08:39.700 [main] [INFO ] com.connectlife.coreserver.modules.ModuleFactory - Prepare module in progress ...
22:08:39.709 [main] [INFO ] com.connectlife.coreserver.modules.ModuleFactory - Prepare module completed.
22:08:39.709 [main] [INFO ] com.connectlife.coreserver.modules.datamanager.DataManager - Initialization in progress ...
22:08:39.715 [main] [INFO ] com.connectlife.coreserver.modules.datamanager.DataManager - Load database file 'connectlife-coreserver.db'
22:08:39.840 [main] [INFO ] com.connectlife.coreserver.modules.datamanager.DataManager - Set database default timeout '30'
22:08:39.842 [main] [INFO ] com.connectlife.coreserver.modules.datamanager.DataManager - Database version 1.0.0.4 is good.
22:08:39.842 [main] [INFO ] com.connectlife.coreserver.modules.datamanager.DataManager - Initialization completed.
22:08:39.842 [main] [INFO ] com.connectlife.coreserver.modules.apiserver.ApiServer - Initialization in progress ...
22:08:39.959 [main] [ERROR] com.connectlife.coreserver.modules.apiserver.ApiServer - Unable to start or join http server.
22:08:46.094 [main] [ERROR] com.connectlife.coreserver.modules.apiserver.ApiServer - Initialization failed.
22:08:46.094 [main] [INFO ] com.connectlife.coreserver.modules.datamanager.DataManager - UnInitialization in progress ...
22:08:46.095 [main] [INFO ] com.connectlife.coreserver.modules.datamanager.DataManager - UnInitialization completed.
22:08:46.095 [main] [INFO ] com.connectlife.coreserver.Application - ConnectLife - CoreServer 1.0.0.0 closed.
22:10:29.749 [main] [INFO ] com.connectlife.coreserver.Application - ConnectLife - CoreServer 1.0.0.0 is starting ...
22:10:29.751 [main] [INFO ] com.connectlife.coreserver.Application - Initialization started ...
22:10:29.752 [main] [INFO ] com.connectlife.coreserver.Application - Base path: '/Users/ericpinet/github/connectlife-coreserver/coreserver'.
22:10:29.753 [main] [INFO ] com.connectlife.coreserver.modules.ModuleFactory - Prepare module in progress ...
22:10:29.760 [main] [INFO ] com.connectlife.coreserver.modules.ModuleFactory - Prepare module completed.
22:10:29.761 [main] [INFO ] com.connectlife.coreserver.modules.datamanager.DataManager - Initialization in progress ...
22:10:29.765 [main] [INFO ] com.connectlife.coreserver.modules.datamanager.DataManager - Load database file 'connectlife-coreserver.db'
22:10:29.897 [main] [INFO ] com.connectlife.coreserver.modules.datamanager.DataManager - Set database default timeout '30'
22:10:29.898 [main] [INFO ] com.connectlife.coreserver.modules.datamanager.DataManager - Database version 1.0.0.4 is good.
22:10:29.899 [main] [INFO ] com.connectlife.coreserver.modules.datamanager.DataManager - Initialization completed.
22:10:29.899 [main] [INFO ] com.connectlife.coreserver.modules.apiserver.ApiServer - Initialization in progress ...
22:10:30.074 [main] [INFO ] com.connectlife.coreserver.modules.apiserver.ApiServer - Http server started with this configuration :
22:10:30.075 [main] [INFO ] com.connectlife.coreserver.modules.apiserver.ApiServer - TCP/IP Port: 9006
22:10:30.076 [main] [INFO ] com.connectlife.coreserver.modules.apiserver.ApiServer - Initialization completed.
22:10:30.076 [main] [INFO ] com.connectlife.coreserver.Application - Initialization completed.
22:10:30.076 [main] [INFO ] com.connectlife.coreserver.modules.datamanager.DataManager - UnInitialization in progress ...
22:10:30.077 [main] [INFO ] com.connectlife.coreserver.modules.datamanager.DataManager - UnInitialization completed.
22:10:30.077 [main] [INFO ] com.connectlife.coreserver.modules.apiserver.ApiServer - UnInitialization in progress ...
22:10:30.078 [main] [INFO ] com.connectlife.coreserver.modules.apiserver.ApiServer - UnInitialization completed.
22:10:30.078 [main] [INFO ] com.connectlife.coreserver.Application - ConnectLife - CoreServer 1.0.0.0 closed.
22:10:35.700 [main] [INFO ] com.connectlife.coreserver.Application - ConnectLife - CoreServer 1.0.0.0 is starting ...
22:10:35.703 [main] [INFO ] com.connectlife.coreserver.Application - Initialization started ...
22:10:35.704 [main] [INFO ] com.connectlife.coreserver.Application - Base path: '/Users/ericpinet/github/connectlife-coreserver/coreserver'.
22:10:35.704 [main] [INFO ] com.connectlife.coreserver.modules.ModuleFactory - Prepare module in progress ...
22:10:35.710 [main] [INFO ] com.connectlife.coreserver.modules.ModuleFactory - Prepare module completed.
22:10:35.711 [main] [INFO ] com.connectlife.coreserver.modules.datamanager.DataManager - Initialization in progress ...
22:10:35.715 [main] [INFO ] com.connectlife.coreserver.modules.datamanager.DataManager - Load database file 'connectlife-coreserver.db'
22:10:35.877 [main] [INFO ] com.connectlife.coreserver.modules.datamanager.DataManager - Set database default timeout '30'
22:10:35.879 [main] [INFO ] com.connectlife.coreserver.modules.datamanager.DataManager - Database version 1.0.0.4 is good.
22:10:35.879 [main] [INFO ] com.connectlife.coreserver.modules.datamanager.DataManager - Initialization completed.
22:10:35.879 [main] [INFO ] com.connectlife.coreserver.modules.apiserver.ApiServer - Initialization in progress ...
22:10:36.018 [main] [ERROR] com.connectlife.coreserver.modules.apiserver.ApiServer - Unable to start or join http server.
22:10:36.026 [main] [ERROR] com.connectlife.coreserver.modules.apiserver.ApiServer - Initialization failed.
22:10:36.027 [main] [INFO ] com.connectlife.coreserver.modules.datamanager.DataManager - UnInitialization in progress ...
22:10:36.028 [main] [INFO ] com.connectlife.coreserver.modules.datamanager.DataManager - UnInitialization completed.
22:10:36.028 [main] [INFO ] com.connectlife.coreserver.Application - ConnectLife - CoreServer 1.0.0.0 closed.
22:15:48.255 [main] [INFO ] com.connectlife.coreserver.Application - ConnectLife - CoreServer 1.0.0.0 is starting ...
22:15:48.259 [main] [INFO ] com.connectlife.coreserver.Application - Initialization started ...
22:15:48.259 [main] [INFO ] com.connectlife.coreserver.Application - Base path: '/Users/ericpinet/github/connectlife-coreserver/coreserver'.
22:15:48.261 [main] [INFO ] com.connectlife.coreserver.modules.ModuleFactory - Prepare module in progress ...
22:15:48.267 [main] [INFO ] com.connectlife.coreserver.modules.ModuleFactory - Prepare module completed.
22:15:48.268 [main] [INFO ] com.connectlife.coreserver.modules.datamanager.DataManager - Initialization in progress ...
22:15:48.271 [main] [INFO ] com.connectlife.coreserver.modules.datamanager.DataManager - Load database file 'connectlife-coreserver.db'
22:15:48.422 [main] [INFO ] com.connectlife.coreserver.modules.datamanager.DataManager - Set database default timeout '30'
22:15:48.423 [main] [INFO ] com.connectlife.coreserver.modules.datamanager.DataManager - Database version 1.0.0.4 is good.
22:15:48.423 [main] [INFO ] com.connectlife.coreserver.modules.datamanager.DataManager - Initialization completed.
22:15:48.423 [main] [INFO ] com.connectlife.coreserver.modules.apiserver.ApiServer - Initialization in progress ...
22:15:48.545 [main] [ERROR] com.connectlife.coreserver.modules.apiserver.ApiServer - Unable to start or join http server.
22:15:48.548 [main] [ERROR] com.connectlife.coreserver.modules.apiserver.ApiServer - Initialization failed.
22:15:48.548 [main] [INFO ] com.connectlife.coreserver.modules.datamanager.DataManager - UnInitialization in progress ...
22:15:48.549 [main] [INFO ] com.connectlife.coreserver.modules.datamanager.DataManager - UnInitialization completed.
22:15:48.549 [main] [INFO ] com.connectlife.coreserver.Application - ConnectLife - CoreServer 1.0.0.0 closed.
22:18:30.558 [main] [INFO ] com.connectlife.coreserver.Application - ConnectLife - CoreServer 1.0.0.0 is starting ...
22:18:30.560 [main] [INFO ] com.connectlife.coreserver.Application - Initialization started ...
22:18:30.560 [main] [INFO ] com.connectlife.coreserver.Application - Base path: '/Users/ericpinet/github/connectlife-coreserver/coreserver'.
22:18:30.561 [main] [INFO ] com.connectlife.coreserver.modules.ModuleFactory - Prepare module in progress ...
22:18:30.567 [main] [INFO ] com.connectlife.coreserver.modules.ModuleFactory - Prepare module completed.
22:18:30.568 [main] [INFO ] com.connectlife.coreserver.modules.datamanager.DataManager - Initialization in progress ...
22:18:30.571 [main] [INFO ] com.connectlife.coreserver.modules.datamanager.DataManager - Load database file 'connectlife-coreserver.db'
22:18:30.705 [main] [INFO ] com.connectlife.coreserver.modules.datamanager.DataManager - Set database default timeout '30'
22:18:30.706 [main] [INFO ] com.connectlife.coreserver.modules.datamanager.DataManager - Database version 1.0.0.4 is good.
22:18:30.707 [main] [INFO ] com.connectlife.coreserver.modules.datamanager.DataManager - Initialization completed.
22:18:30.707 [main] [INFO ] com.connectlife.coreserver.modules.apiserver.ApiServer - Initialization in progress ...
22:18:30.846 [main] [ERROR] com.connectlife.coreserver.modules.apiserver.ApiServer - Unable to start or join http server.
22:18:30.851 [main] [ERROR] com.connectlife.coreserver.Application - java.net.BindException: Address already in use
22:18:30.852 [main] [ERROR] com.connectlife.coreserver.Application - 	at sun.nio.ch.Net.bind0(Native Method)
22:18:30.853 [main] [ERROR] com.connectlife.coreserver.Application - 	at sun.nio.ch.Net.bind(Net.java:433)
22:18:30.855 [main] [ERROR] com.connectlife.coreserver.Application - 	at sun.nio.ch.Net.bind(Net.java:425)
22:18:30.857 [main] [ERROR] com.connectlife.coreserver.Application - 	at sun.nio.ch.ServerSocketChannelImpl.bind(ServerSocketChannelImpl.java:223)
22:18:30.858 [main] [ERROR] com.connectlife.coreserver.Application - 	at sun.nio.ch.ServerSocketAdaptor.bind(ServerSocketAdaptor.java:74)
22:18:30.859 [main] [ERROR] com.connectlife.coreserver.Application - 	at org.eclipse.jetty.server.ServerConnector.open(ServerConnector.java:326)
22:18:30.859 [main] [ERROR] com.connectlife.coreserver.Application - 	at org.eclipse.jetty.server.AbstractNetworkConnector.doStart(AbstractNetworkConnector.java:80)
22:18:30.859 [main] [ERROR] com.connectlife.coreserver.Application - 	at org.eclipse.jetty.server.ServerConnector.doStart(ServerConnector.java:244)
22:18:30.859 [main] [ERROR] com.connectlife.coreserver.Application - 	at org.eclipse.jetty.util.component.AbstractLifeCycle.start(AbstractLifeCycle.java:68)
22:18:30.860 [main] [ERROR] com.connectlife.coreserver.Application - 	at org.eclipse.jetty.server.Server.doStart(Server.java:384)
22:18:30.860 [main] [ERROR] com.connectlife.coreserver.Application - 	at org.eclipse.jetty.util.component.AbstractLifeCycle.start(AbstractLifeCycle.java:68)
22:18:30.860 [main] [ERROR] com.connectlife.coreserver.Application - 	at com.connectlife.coreserver.modules.apiserver.ApiServer.init(ApiServer.java:104)
22:18:30.860 [main] [ERROR] com.connectlife.coreserver.Application - 	at com.connectlife.coreserver.Application.initModules(Application.java:139)
22:18:30.860 [main] [ERROR] com.connectlife.coreserver.Application - 	at com.connectlife.coreserver.Application.init(Application.java:85)
22:18:30.861 [main] [ERROR] com.connectlife.coreserver.Application - 	at com.connectlife.coreserver.Application.main(Application.java:51)
22:18:30.861 [main] [ERROR] com.connectlife.coreserver.modules.apiserver.ApiServer - Initialization failed.
22:18:30.861 [main] [INFO ] com.connectlife.coreserver.modules.datamanager.DataManager - UnInitialization in progress ...
22:18:30.862 [main] [INFO ] com.connectlife.coreserver.modules.datamanager.DataManager - UnInitialization completed.
22:18:30.862 [main] [INFO ] com.connectlife.coreserver.Application - ConnectLife - CoreServer 1.0.0.0 closed.
22:24:47.235 [main] [INFO ] com.connectlife.coreserver.Application - ConnectLife - CoreServer 1.0.0.0 is starting ...
22:24:47.238 [main] [INFO ] com.connectlife.coreserver.Application - Initialization started ...
22:24:47.238 [main] [INFO ] com.connectlife.coreserver.Application - Base path: '/Users/ericpinet/github/connectlife-coreserver/coreserver'.
22:24:47.239 [main] [INFO ] com.connectlife.coreserver.modules.ModuleFactory - Prepare module in progress ...
22:24:47.245 [main] [INFO ] com.connectlife.coreserver.modules.ModuleFactory - Prepare module completed.
22:24:47.246 [main] [INFO ] com.connectlife.coreserver.modules.datamanager.DataManager - Initialization in progress ...
22:24:47.250 [main] [INFO ] com.connectlife.coreserver.modules.datamanager.DataManager - Load database file 'connectlife-coreserver.db'
22:24:47.389 [main] [INFO ] com.connectlife.coreserver.modules.datamanager.DataManager - Set database default timeout '30'
22:24:47.391 [main] [INFO ] com.connectlife.coreserver.modules.datamanager.DataManager - Database version 1.0.0.4 is good.
22:24:47.391 [main] [INFO ] com.connectlife.coreserver.modules.datamanager.DataManager - Initialization completed.
22:24:47.391 [main] [INFO ] com.connectlife.coreserver.modules.apiserver.ApiServer - Initialization in progress ...
22:24:47.534 [main] [ERROR] com.connectlife.coreserver.modules.apiserver.ApiServer - Unable to start or join http server.
22:24:47.537 [main] [ERROR] com.connectlife.coreserver.Application - java.net.BindException: Address already in use
22:24:47.538 [main] [ERROR] com.connectlife.coreserver.Application - 	at sun.nio.ch.Net.bind0(Native Method)
22:24:47.538 [main] [ERROR] com.connectlife.coreserver.Application - 	at sun.nio.ch.Net.bind(Net.java:433)
22:24:47.539 [main] [ERROR] com.connectlife.coreserver.Application - 	at sun.nio.ch.Net.bind(Net.java:425)
22:24:47.539 [main] [ERROR] com.connectlife.coreserver.Application - 	at sun.nio.ch.ServerSocketChannelImpl.bind(ServerSocketChannelImpl.java:223)
22:24:47.539 [main] [ERROR] com.connectlife.coreserver.Application - 	at sun.nio.ch.ServerSocketAdaptor.bind(ServerSocketAdaptor.java:74)
22:24:47.539 [main] [ERROR] com.connectlife.coreserver.Application - 	at org.eclipse.jetty.server.ServerConnector.open(ServerConnector.java:326)
22:24:47.540 [main] [ERROR] com.connectlife.coreserver.Application - 	at org.eclipse.jetty.server.AbstractNetworkConnector.doStart(AbstractNetworkConnector.java:80)
22:24:47.540 [main] [ERROR] com.connectlife.coreserver.Application - 	at org.eclipse.jetty.server.ServerConnector.doStart(ServerConnector.java:244)
22:24:47.541 [main] [ERROR] com.connectlife.coreserver.Application - 	at org.eclipse.jetty.util.component.AbstractLifeCycle.start(AbstractLifeCycle.java:68)
22:24:47.542 [main] [ERROR] com.connectlife.coreserver.Application - 	at org.eclipse.jetty.server.Server.doStart(Server.java:384)
22:24:47.542 [main] [ERROR] com.connectlife.coreserver.Application - 	at org.eclipse.jetty.util.component.AbstractLifeCycle.start(AbstractLifeCycle.java:68)
22:24:47.542 [main] [ERROR] com.connectlife.coreserver.Application - 	at com.connectlife.coreserver.modules.apiserver.ApiServer.init(ApiServer.java:104)
22:24:47.543 [main] [ERROR] com.connectlife.coreserver.Application - 	at com.connectlife.coreserver.Application.initModules(Application.java:141)
22:24:47.543 [main] [ERROR] com.connectlife.coreserver.Application - 	at com.connectlife.coreserver.Application.init(Application.java:86)
22:24:47.544 [main] [ERROR] com.connectlife.coreserver.Application - 	at com.connectlife.coreserver.Application.main(Application.java:51)
22:24:47.545 [main] [ERROR] com.connectlife.coreserver.modules.apiserver.ApiServer - Initialization failed.
22:24:47.545 [main] [INFO ] com.connectlife.coreserver.modules.datamanager.DataManager - UnInitialization in progress ...
22:24:47.546 [main] [INFO ] com.connectlife.coreserver.modules.datamanager.DataManager - UnInitialization completed.
22:24:47.546 [main] [INFO ] com.connectlife.coreserver.Application - ConnectLife - CoreServer 1.0.0.0 closed.
22:27:20.753 [main] INFO  - com.connectlife.coreserver.Application - ConnectLife - CoreServer 1.0.0.0 is starting ...
22:27:20.755 [main] INFO  - com.connectlife.coreserver.Application - Initialization started ...
22:27:20.755 [main] INFO  - com.connectlife.coreserver.Application - Base path: '/Users/ericpinet/github/connectlife-coreserver/coreserver'.
22:27:20.756 [main] INFO  - com.connectlife.coreserver.modules.ModuleFactory - Prepare module in progress ...
22:27:20.761 [main] INFO  - com.connectlife.coreserver.modules.ModuleFactory - Prepare module completed.
22:27:20.761 [main] INFO  - com.connectlife.coreserver.modules.datamanager.DataManager - Initialization in progress ...
22:27:20.765 [main] INFO  - com.connectlife.coreserver.modules.datamanager.DataManager - Load database file 'connectlife-coreserver.db'
22:27:20.894 [main] INFO  - com.connectlife.coreserver.modules.datamanager.DataManager - Set database default timeout '30'
22:27:20.895 [main] INFO  - com.connectlife.coreserver.modules.datamanager.DataManager - Database version 1.0.0.4 is good.
22:27:20.895 [main] INFO  - com.connectlife.coreserver.modules.datamanager.DataManager - Initialization completed.
22:27:20.895 [main] INFO  - com.connectlife.coreserver.modules.apiserver.ApiServer - Initialization in progress ...
22:27:21.023 [main] ERROR - com.connectlife.coreserver.modules.apiserver.ApiServer - Unable to start or join http server.
22:27:21.035 [main] ERROR - com.connectlife.coreserver.Application - java.net.BindException: Address already in use
22:27:21.036 [main] ERROR - com.connectlife.coreserver.Application - 	at sun.nio.ch.Net.bind0(Native Method)
22:27:21.036 [main] ERROR - com.connectlife.coreserver.Application - 	at sun.nio.ch.Net.bind(Net.java:433)
22:27:21.036 [main] ERROR - com.connectlife.coreserver.Application - 	at sun.nio.ch.Net.bind(Net.java:425)
22:27:21.037 [main] ERROR - com.connectlife.coreserver.Application - 	at sun.nio.ch.ServerSocketChannelImpl.bind(ServerSocketChannelImpl.java:223)
22:27:21.037 [main] ERROR - com.connectlife.coreserver.Application - 	at sun.nio.ch.ServerSocketAdaptor.bind(ServerSocketAdaptor.java:74)
22:27:21.037 [main] ERROR - com.connectlife.coreserver.Application - 	at org.eclipse.jetty.server.ServerConnector.open(ServerConnector.java:326)
22:27:21.037 [main] ERROR - com.connectlife.coreserver.Application - 	at org.eclipse.jetty.server.AbstractNetworkConnector.doStart(AbstractNetworkConnector.java:80)
22:27:21.037 [main] ERROR - com.connectlife.coreserver.Application - 	at org.eclipse.jetty.server.ServerConnector.doStart(ServerConnector.java:244)
22:27:21.037 [main] ERROR - com.connectlife.coreserver.Application - 	at org.eclipse.jetty.util.component.AbstractLifeCycle.start(AbstractLifeCycle.java:68)
22:27:21.038 [main] ERROR - com.connectlife.coreserver.Application - 	at org.eclipse.jetty.server.Server.doStart(Server.java:384)
22:27:21.038 [main] ERROR - com.connectlife.coreserver.Application - 	at org.eclipse.jetty.util.component.AbstractLifeCycle.start(AbstractLifeCycle.java:68)
22:27:21.038 [main] ERROR - com.connectlife.coreserver.Application - 	at com.connectlife.coreserver.modules.apiserver.ApiServer.init(ApiServer.java:104)
22:27:21.038 [main] ERROR - com.connectlife.coreserver.Application - 	at com.connectlife.coreserver.Application.initModules(Application.java:141)
22:27:21.039 [main] ERROR - com.connectlife.coreserver.Application - 	at com.connectlife.coreserver.Application.init(Application.java:86)
22:27:21.040 [main] ERROR - com.connectlife.coreserver.Application - 	at com.connectlife.coreserver.Application.main(Application.java:51)
22:27:21.040 [main] ERROR - com.connectlife.coreserver.modules.apiserver.ApiServer - Initialization failed.
22:27:21.040 [main] INFO  - com.connectlife.coreserver.modules.datamanager.DataManager - UnInitialization in progress ...
22:27:21.041 [main] INFO  - com.connectlife.coreserver.modules.datamanager.DataManager - UnInitialization completed.
22:27:21.041 [main] INFO  - com.connectlife.coreserver.Application - ConnectLife - CoreServer 1.0.0.0 closed.
22:28:20.750 [main] INFO  - com.connectlife.coreserver.Application - ConnectLife - CoreServer 1.0.0.0 is starting ...
22:28:20.753 [main] INFO  - com.connectlife.coreserver.Application - Initialization started ...
22:28:20.753 [main] INFO  - com.connectlife.coreserver.Application - Base path: '/Users/ericpinet/github/connectlife-coreserver/coreserver'.
22:28:20.754 [main] INFO  - com.connectlife.coreserver.modules.ModuleFactory - Prepare module in progress ...
22:28:20.760 [main] INFO  - com.connectlife.coreserver.modules.ModuleFactory - Prepare module completed.
22:28:20.761 [main] INFO  - com.connectlife.coreserver.modules.datamanager.DataManager - Initialization in progress ...
22:28:20.766 [main] INFO  - com.connectlife.coreserver.modules.datamanager.DataManager - Load database file 'connectlife-coreserver.db'
22:28:20.914 [main] INFO  - com.connectlife.coreserver.modules.datamanager.DataManager - Set database default timeout '30'
22:28:20.916 [main] INFO  - com.connectlife.coreserver.modules.datamanager.DataManager - Database version 1.0.0.4 is good.
22:28:20.916 [main] INFO  - com.connectlife.coreserver.modules.datamanager.DataManager - Initialization completed.
22:28:20.916 [main] INFO  - com.connectlife.coreserver.modules.apiserver.ApiServer - Initialization in progress ...
22:28:21.073 [main] INFO  - com.connectlife.coreserver.modules.apiserver.ApiServer - Http server started with this configuration :
22:28:21.073 [main] INFO  - com.connectlife.coreserver.modules.apiserver.ApiServer - TCP/IP Port: 9006
22:28:21.074 [main] INFO  - com.connectlife.coreserver.modules.apiserver.ApiServer - Initialization completed.
22:28:21.074 [main] INFO  - com.connectlife.coreserver.Application - Initialization completed.
22:28:21.074 [main] INFO  - com.connectlife.coreserver.modules.datamanager.DataManager - UnInitialization in progress ...
22:28:21.075 [main] INFO  - com.connectlife.coreserver.modules.datamanager.DataManager - UnInitialization completed.
22:28:21.076 [main] INFO  - com.connectlife.coreserver.modules.apiserver.ApiServer - UnInitialization in progress ...
22:28:21.076 [main] INFO  - com.connectlife.coreserver.modules.apiserver.ApiServer - UnInitialization completed.
22:28:21.076 [main] INFO  - com.connectlife.coreserver.Application - ConnectLife - CoreServer 1.0.0.0 closed.
