23:22:49.955 [main] [INFO ] com.connectlife.coreserver.Application - ConnectLife - CoreServer 1.0.0.0 is starting ...
23:22:49.957 [main] [INFO ] com.connectlife.coreserver.Application - Base path: '/Users/ericpinet/github/connectlife-coreserver/coreserver'.
23:22:49.958 [main] [INFO ] com.connectlife.coreserver.modules.ModuleFactory - Prepare module in progress ...
23:22:49.973 [main] [INFO ] com.connectlife.coreserver.modules.ModuleFactory - Prepare module completed.
23:22:49.976 [main] [INFO ] com.connectlife.coreserver.modules.datamanager.DataManager - Initialization in progress ...
23:22:49.982 [main] [INFO ] com.connectlife.coreserver.modules.datamanager.DataManager - Load database file 'connectlife-coreserver.db'
23:22:50.166 [main] [INFO ] com.connectlife.coreserver.modules.datamanager.DataManager - Set database default timeout '30'
23:22:50.167 [main] [WARN ] com.connectlife.coreserver.modules.datamanager.DataManager - Database version 1.0.0.3 is good.
23:22:50.168 [main] [INFO ] com.connectlife.coreserver.modules.datamanager.DataManager - Initialization completed.
23:22:50.168 [main] [INFO ] com.connectlife.coreserver.modules.apiserver.ApiServer - Initialization in progress ...
23:23:14.330 [main] [INFO ] com.connectlife.coreserver.modules.datamanager.DataManager - UnInitialization in progress ...
23:23:14.332 [main] [INFO ] com.connectlife.coreserver.modules.datamanager.DataManager - UnInitialization completed.
23:25:22.354 [main] [INFO ] com.connectlife.coreserver.Application - ConnectLife - CoreServer 1.0.0.0 is starting ...
23:25:22.356 [main] [INFO ] com.connectlife.coreserver.Application - Base path: '/Users/ericpinet/github/connectlife-coreserver/coreserver'.
23:25:22.357 [main] [INFO ] com.connectlife.coreserver.modules.ModuleFactory - Prepare module in progress ...
23:25:22.368 [main] [INFO ] com.connectlife.coreserver.modules.ModuleFactory - Prepare module completed.
23:25:22.369 [main] [INFO ] com.connectlife.coreserver.modules.datamanager.DataManager - Initialization in progress ...
23:25:22.372 [main] [INFO ] com.connectlife.coreserver.modules.datamanager.DataManager - Load database file 'connectlife-coreserver.db'
23:25:22.503 [main] [INFO ] com.connectlife.coreserver.modules.datamanager.DataManager - Set database default timeout '30'
23:25:22.504 [main] [WARN ] com.connectlife.coreserver.modules.datamanager.DataManager - Database version 1.0.0.3 is good.
23:25:22.505 [main] [INFO ] com.connectlife.coreserver.modules.datamanager.DataManager - Initialization completed.
23:25:22.505 [main] [INFO ] com.connectlife.coreserver.modules.apiserver.ApiServer - Initialization in progress ...
23:25:26.120 [main] [INFO ] com.connectlife.coreserver.modules.datamanager.DataManager - UnInitialization in progress ...
23:25:26.121 [main] [INFO ] com.connectlife.coreserver.modules.datamanager.DataManager - UnInitialization completed.
23:30:49.691 [main] [INFO ] com.connectlife.coreserver.Application - ConnectLife - CoreServer 1.0.0.0 is starting ...
23:30:49.693 [main] [INFO ] com.connectlife.coreserver.Application - Base path: '/Users/ericpinet/github/connectlife-coreserver/coreserver'.
23:30:49.694 [main] [INFO ] com.connectlife.coreserver.modules.ModuleFactory - Prepare module in progress ...
23:30:49.704 [main] [INFO ] com.connectlife.coreserver.modules.ModuleFactory - Prepare module completed.
23:30:49.705 [main] [INFO ] com.connectlife.coreserver.modules.datamanager.DataManager - Initialization in progress ...
23:30:49.712 [main] [INFO ] com.connectlife.coreserver.modules.datamanager.DataManager - Load database file 'connectlife-coreserver.db'
23:30:49.850 [main] [INFO ] com.connectlife.coreserver.modules.datamanager.DataManager - Set database default timeout '30'
23:30:49.852 [main] [WARN ] com.connectlife.coreserver.modules.datamanager.DataManager - Database version 1.0.0.3 is good.
23:30:49.852 [main] [INFO ] com.connectlife.coreserver.modules.datamanager.DataManager - Initialization completed.
23:30:49.852 [main] [INFO ] com.connectlife.coreserver.modules.apiserver.ApiServer - Initialization in progress ...
23:31:02.044 [main] [INFO ] com.connectlife.coreserver.modules.datamanager.DataManager - UnInitialization in progress ...
23:31:02.046 [main] [INFO ] com.connectlife.coreserver.modules.datamanager.DataManager - UnInitialization completed.
23:32:44.616 [main] [INFO ] com.connectlife.coreserver.Application - ConnectLife - CoreServer 1.0.0.0 is starting ...
23:32:44.618 [main] [INFO ] com.connectlife.coreserver.Application - Base path: '/Users/ericpinet/github/connectlife-coreserver/coreserver'.
23:32:44.619 [main] [INFO ] com.connectlife.coreserver.modules.ModuleFactory - Prepare module in progress ...
23:32:44.628 [main] [INFO ] com.connectlife.coreserver.modules.ModuleFactory - Prepare module completed.
23:32:44.629 [main] [INFO ] com.connectlife.coreserver.modules.datamanager.DataManager - Initialization in progress ...
23:32:44.634 [main] [INFO ] com.connectlife.coreserver.modules.datamanager.DataManager - Load database file 'connectlife-coreserver.db'
23:32:44.784 [main] [INFO ] com.connectlife.coreserver.modules.datamanager.DataManager - Set database default timeout '30'
23:32:44.786 [main] [WARN ] com.connectlife.coreserver.modules.datamanager.DataManager - Database version 1.0.0.3 is good.
23:32:44.786 [main] [INFO ] com.connectlife.coreserver.modules.datamanager.DataManager - Initialization completed.
23:32:44.786 [main] [INFO ] com.connectlife.coreserver.modules.apiserver.ApiServer - Initialization in progress ...
23:32:54.331 [main] [INFO ] com.connectlife.coreserver.modules.datamanager.DataManager - UnInitialization in progress ...
23:32:54.331 [main] [INFO ] com.connectlife.coreserver.modules.datamanager.DataManager - UnInitialization completed.
23:46:07.874 [main] [INFO ] com.connectlife.coreserver.Application - ConnectLife - CoreServer 1.0.0.0 is starting ...
23:46:07.876 [main] [INFO ] com.connectlife.coreserver.Application - Base path: '/Users/ericpinet/github/connectlife-coreserver/coreserver'.
23:46:07.877 [main] [INFO ] com.connectlife.coreserver.modules.ModuleFactory - Prepare module in progress ...
23:46:07.884 [main] [INFO ] com.connectlife.coreserver.modules.ModuleFactory - Prepare module completed.
23:46:07.884 [main] [INFO ] com.connectlife.coreserver.modules.datamanager.DataManager - Initialization in progress ...
23:46:07.891 [main] [INFO ] com.connectlife.coreserver.modules.datamanager.DataManager - Load database file 'connectlife-coreserver.db'
23:46:08.019 [main] [INFO ] com.connectlife.coreserver.modules.datamanager.DataManager - Set database default timeout '30'
23:46:08.020 [main] [WARN ] com.connectlife.coreserver.modules.datamanager.DataManager - Database version 1.0.0.3 is good.
23:46:08.021 [main] [INFO ] com.connectlife.coreserver.modules.datamanager.DataManager - Initialization completed.
23:46:08.021 [main] [INFO ] com.connectlife.coreserver.modules.apiserver.ApiServer - Initialization in progress ...
23:47:06.956 [main] [INFO ] com.connectlife.coreserver.Application - ConnectLife - CoreServer 1.0.0.0 is starting ...
23:47:06.958 [main] [INFO ] com.connectlife.coreserver.Application - Base path: '/Users/ericpinet/github/connectlife-coreserver/coreserver'.
23:47:06.959 [main] [INFO ] com.connectlife.coreserver.modules.ModuleFactory - Prepare module in progress ...
23:47:06.968 [main] [INFO ] com.connectlife.coreserver.modules.ModuleFactory - Prepare module completed.
23:47:06.969 [main] [INFO ] com.connectlife.coreserver.modules.datamanager.DataManager - Initialization in progress ...
23:47:06.975 [main] [INFO ] com.connectlife.coreserver.modules.datamanager.DataManager - Load database file 'connectlife-coreserver.db'
23:47:07.108 [main] [INFO ] com.connectlife.coreserver.modules.datamanager.DataManager - Set database default timeout '30'
23:47:07.110 [main] [WARN ] com.connectlife.coreserver.modules.datamanager.DataManager - Database version 1.0.0.3 is good.
23:47:07.110 [main] [INFO ] com.connectlife.coreserver.modules.datamanager.DataManager - Initialization completed.
23:47:07.111 [main] [INFO ] com.connectlife.coreserver.modules.apiserver.ApiServer - Initialization in progress ...
