00:29:08.703 [main] INFO  - com.connectlife.coreserver.Application - ConnectLife - CoreServer 1.0.0.0 is starting ...
00:29:08.704 [main] INFO  - com.connectlife.coreserver.Application - Initialization started ...
00:29:08.705 [main] INFO  - com.connectlife.coreserver.Application - Base path: '/Users/ericpinet/github/connectlife-coreserver/coreserver'.
00:29:08.705 [main] INFO  - com.connectlife.coreserver.modules.ModuleFactory - Prepare module in progress ...
00:29:08.724 [main] INFO  - com.connectlife.coreserver.modules.ModuleFactory - Prepare module completed.
00:29:08.725 [main] INFO  - com.connectlife.coreserver.modules.datamanager.DataManager - Initialization in progress ...
00:29:08.730 [main] INFO  - com.connectlife.coreserver.modules.datamanager.DataManager - Load database file 'connectlife-coreserver.db'
00:29:08.852 [main] INFO  - com.connectlife.coreserver.modules.datamanager.DataManager - Set database default timeout '30'
00:29:08.853 [main] INFO  - com.connectlife.coreserver.modules.datamanager.DataManager - Database version 1.0.0.4 is good.
00:29:08.853 [main] INFO  - com.connectlife.coreserver.modules.datamanager.DataManager - Initialization completed.
00:29:08.854 [main] INFO  - com.connectlife.coreserver.modules.environment.EnvironmentManager - Initialization in progress ...
00:29:08.854 [main] INFO  - com.connectlife.coreserver.modules.environment.EnvironmentManager - Loading environment file: /Users/ericpinet/github/connectlife-coreserver/coreserver/data/environnement.data...
00:29:08.915 [main] INFO  - com.connectlife.coreserver.modules.environment.EnvironmentManager - Environment loaded.
00:29:08.915 [main] INFO  - com.connectlife.coreserver.modules.environment.EnvironmentManager - Initialization completed.
00:29:08.915 [main] INFO  - com.connectlife.coreserver.modules.console.ConsoleManager - Initialization in progress ...
00:29:09.331 [main] ERROR - com.connectlife.coreserver.Application - java.lang.IllegalArgumentException: UserAuthFactories not set
00:29:09.332 [main] ERROR - com.connectlife.coreserver.Application - 	at org.apache.sshd.SshServer.checkConfig(SshServer.java:227)
00:29:09.332 [main] ERROR - com.connectlife.coreserver.Application - 	at org.apache.sshd.SshServer.start(SshServer.java:273)
00:29:09.332 [main] ERROR - com.connectlife.coreserver.Application - 	at com.connectlife.coreserver.modules.console.ConsoleManager.init(ConsoleManager.java:73)
00:29:09.332 [main] ERROR - com.connectlife.coreserver.Application - 	at com.connectlife.coreserver.Application.initModules(Application.java:170)
00:29:09.332 [main] ERROR - com.connectlife.coreserver.Application - 	at com.connectlife.coreserver.Application.init(Application.java:108)
00:29:09.332 [main] ERROR - com.connectlife.coreserver.Application - 	at com.connectlife.coreserver.Application.main(Application.java:61)
00:29:09.332 [main] INFO  - com.connectlife.coreserver.modules.environment.EnvironmentManager - UnInitialization in progress ...
00:29:09.333 [main] INFO  - com.connectlife.coreserver.modules.environment.EnvironmentManager - UnInitialization completed.
00:29:09.333 [main] INFO  - com.connectlife.coreserver.modules.datamanager.DataManager - UnInitialization in progress ...
00:29:09.333 [main] INFO  - com.connectlife.coreserver.modules.datamanager.DataManager - UnInitialization completed.
00:29:09.333 [main] INFO  - com.connectlife.coreserver.Application - ConnectLife - CoreServer 1.0.0.0 closed.
00:33:18.608 [main] INFO  - com.connectlife.coreserver.Application - ConnectLife - CoreServer 1.0.0.0 is starting ...
00:33:18.609 [main] INFO  - com.connectlife.coreserver.Application - Initialization started ...
00:33:18.610 [main] INFO  - com.connectlife.coreserver.Application - Base path: '/Users/ericpinet/github/connectlife-coreserver/coreserver'.
00:33:18.611 [main] INFO  - com.connectlife.coreserver.modules.ModuleFactory - Prepare module in progress ...
00:33:18.629 [main] INFO  - com.connectlife.coreserver.modules.ModuleFactory - Prepare module completed.
00:33:18.629 [main] INFO  - com.connectlife.coreserver.modules.datamanager.DataManager - Initialization in progress ...
00:33:18.633 [main] INFO  - com.connectlife.coreserver.modules.datamanager.DataManager - Load database file 'connectlife-coreserver.db'
00:33:18.774 [main] INFO  - com.connectlife.coreserver.modules.datamanager.DataManager - Set database default timeout '30'
00:33:18.776 [main] INFO  - com.connectlife.coreserver.modules.datamanager.DataManager - Database version 1.0.0.4 is good.
00:33:18.776 [main] INFO  - com.connectlife.coreserver.modules.datamanager.DataManager - Initialization completed.
00:33:18.777 [main] INFO  - com.connectlife.coreserver.modules.environment.EnvironmentManager - Initialization in progress ...
00:33:18.777 [main] INFO  - com.connectlife.coreserver.modules.environment.EnvironmentManager - Loading environment file: /Users/ericpinet/github/connectlife-coreserver/coreserver/data/environnement.data...
00:33:18.842 [main] INFO  - com.connectlife.coreserver.modules.environment.EnvironmentManager - Environment loaded.
00:33:18.842 [main] INFO  - com.connectlife.coreserver.modules.environment.EnvironmentManager - Initialization completed.
00:33:18.842 [main] INFO  - com.connectlife.coreserver.modules.apiserver.ApiServer - Initialization in progress ...
00:33:19.010 [main] INFO  - com.connectlife.coreserver.modules.apiserver.ApiServer - Http server started with this configuration :
00:33:19.010 [main] INFO  - com.connectlife.coreserver.modules.apiserver.ApiServer - TCP/IP Port: 9006
00:33:19.011 [main] INFO  - com.connectlife.coreserver.modules.apiserver.ApiServer - Initialization completed.
00:33:19.011 [main] INFO  - com.connectlife.coreserver.modules.console.ConsoleManager - Initialization in progress ...
00:33:19.419 [main] ERROR - com.connectlife.coreserver.modules.console.ConsoleManager - Permission denied
00:33:19.421 [main] ERROR - com.connectlife.coreserver.Application - java.net.SocketException: Permission denied
00:33:19.421 [main] ERROR - com.connectlife.coreserver.Application - 	at sun.nio.ch.Net.bind0(Native Method)
00:33:19.422 [main] ERROR - com.connectlife.coreserver.Application - 	at sun.nio.ch.Net.bind(Net.java:433)
00:33:19.422 [main] ERROR - com.connectlife.coreserver.Application - 	at sun.nio.ch.Net.bind(Net.java:425)
00:33:19.422 [main] ERROR - com.connectlife.coreserver.Application - 	at sun.nio.ch.AsynchronousServerSocketChannelImpl.bind(AsynchronousServerSocketChannelImpl.java:162)
00:33:19.422 [main] ERROR - com.connectlife.coreserver.Application - 	at org.apache.sshd.common.io.nio2.Nio2Acceptor.bind(Nio2Acceptor.java:66)
00:33:19.422 [main] ERROR - com.connectlife.coreserver.Application - 	at org.apache.sshd.common.io.nio2.Nio2Acceptor.bind(Nio2Acceptor.java:74)
00:33:19.422 [main] ERROR - com.connectlife.coreserver.Application - 	at org.apache.sshd.SshServer.start(SshServer.java:294)
00:33:19.422 [main] ERROR - com.connectlife.coreserver.Application - 	at com.connectlife.coreserver.modules.console.ConsoleManager.init(ConsoleManager.java:90)
00:33:19.422 [main] ERROR - com.connectlife.coreserver.Application - 	at com.connectlife.coreserver.Application.initModules(Application.java:170)
00:33:19.426 [main] ERROR - com.connectlife.coreserver.Application - 	at com.connectlife.coreserver.Application.init(Application.java:108)
00:33:19.426 [main] ERROR - com.connectlife.coreserver.Application - 	at com.connectlife.coreserver.Application.main(Application.java:61)
00:33:19.427 [main] ERROR - com.connectlife.coreserver.modules.console.ConsoleManager - Initialization failed.
00:33:19.427 [main] INFO  - com.connectlife.coreserver.modules.environment.EnvironmentManager - UnInitialization in progress ...
00:33:19.427 [main] INFO  - com.connectlife.coreserver.modules.environment.EnvironmentManager - UnInitialization completed.
00:33:19.427 [main] INFO  - com.connectlife.coreserver.modules.datamanager.DataManager - UnInitialization in progress ...
00:33:19.427 [main] INFO  - com.connectlife.coreserver.modules.datamanager.DataManager - UnInitialization completed.
00:33:19.428 [main] INFO  - com.connectlife.coreserver.modules.apiserver.ApiServer - UnInitialization in progress ...
00:33:19.428 [main] INFO  - com.connectlife.coreserver.modules.apiserver.ApiServer - UnInitialization completed.
00:33:19.428 [main] INFO  - com.connectlife.coreserver.Application - ConnectLife - CoreServer 1.0.0.0 closed.
00:36:43.794 [main] INFO  - com.connectlife.coreserver.Application - ConnectLife - CoreServer 1.0.0.0 is starting ...
00:36:43.796 [main] INFO  - com.connectlife.coreserver.Application - Initialization started ...
00:36:43.797 [main] INFO  - com.connectlife.coreserver.Application - Base path: '/Users/ericpinet/github/connectlife-coreserver/coreserver'.
00:36:43.798 [main] INFO  - com.connectlife.coreserver.modules.ModuleFactory - Prepare module in progress ...
00:36:43.817 [main] INFO  - com.connectlife.coreserver.modules.ModuleFactory - Prepare module completed.
00:36:43.817 [main] INFO  - com.connectlife.coreserver.modules.datamanager.DataManager - Initialization in progress ...
00:36:43.821 [main] INFO  - com.connectlife.coreserver.modules.datamanager.DataManager - Load database file 'connectlife-coreserver.db'
00:36:43.948 [main] INFO  - com.connectlife.coreserver.modules.datamanager.DataManager - Set database default timeout '30'
00:36:43.949 [main] INFO  - com.connectlife.coreserver.modules.datamanager.DataManager - Database version 1.0.0.4 is good.
00:36:43.950 [main] INFO  - com.connectlife.coreserver.modules.datamanager.DataManager - Initialization completed.
00:36:43.950 [main] INFO  - com.connectlife.coreserver.modules.environment.EnvironmentManager - Initialization in progress ...
00:36:43.950 [main] INFO  - com.connectlife.coreserver.modules.environment.EnvironmentManager - Loading environment file: /Users/ericpinet/github/connectlife-coreserver/coreserver/data/environnement.data...
00:36:44.011 [main] INFO  - com.connectlife.coreserver.modules.environment.EnvironmentManager - Environment loaded.
00:36:44.011 [main] INFO  - com.connectlife.coreserver.modules.environment.EnvironmentManager - Initialization completed.
00:36:44.012 [main] INFO  - com.connectlife.coreserver.modules.apiserver.ApiServer - Initialization in progress ...
00:36:44.178 [main] INFO  - com.connectlife.coreserver.modules.apiserver.ApiServer - Http server started with this configuration :
00:36:44.178 [main] INFO  - com.connectlife.coreserver.modules.apiserver.ApiServer - TCP/IP Port: 9006
00:36:44.178 [main] INFO  - com.connectlife.coreserver.modules.apiserver.ApiServer - Initialization completed.
00:36:44.178 [main] INFO  - com.connectlife.coreserver.modules.console.ConsoleManager - Initialization in progress ...
00:36:44.588 [main] ERROR - com.connectlife.coreserver.Application - java.lang.NullPointerException
00:36:44.589 [main] ERROR - com.connectlife.coreserver.Application - 	at com.connectlife.coreserver.modules.console.ConsoleManager.init(ConsoleManager.java:77)
00:36:44.590 [main] ERROR - com.connectlife.coreserver.Application - 	at com.connectlife.coreserver.Application.initModules(Application.java:170)
00:36:44.590 [main] ERROR - com.connectlife.coreserver.Application - 	at com.connectlife.coreserver.Application.init(Application.java:108)
00:36:44.590 [main] ERROR - com.connectlife.coreserver.Application - 	at com.connectlife.coreserver.Application.main(Application.java:61)
00:36:44.591 [main] INFO  - com.connectlife.coreserver.modules.environment.EnvironmentManager - UnInitialization in progress ...
00:36:44.591 [main] INFO  - com.connectlife.coreserver.modules.environment.EnvironmentManager - UnInitialization completed.
00:36:44.592 [main] INFO  - com.connectlife.coreserver.modules.datamanager.DataManager - UnInitialization in progress ...
00:36:44.592 [main] INFO  - com.connectlife.coreserver.modules.datamanager.DataManager - UnInitialization completed.
00:36:44.592 [main] INFO  - com.connectlife.coreserver.modules.apiserver.ApiServer - UnInitialization in progress ...
00:36:44.592 [main] INFO  - com.connectlife.coreserver.modules.apiserver.ApiServer - UnInitialization completed.
00:36:44.593 [main] INFO  - com.connectlife.coreserver.Application - ConnectLife - CoreServer 1.0.0.0 closed.
00:37:18.424 [main] INFO  - com.connectlife.coreserver.Application - ConnectLife - CoreServer 1.0.0.0 is starting ...
00:37:18.426 [main] INFO  - com.connectlife.coreserver.Application - Initialization started ...
00:37:18.427 [main] INFO  - com.connectlife.coreserver.Application - Base path: '/Users/ericpinet/github/connectlife-coreserver/coreserver'.
00:37:18.428 [main] INFO  - com.connectlife.coreserver.modules.ModuleFactory - Prepare module in progress ...
00:37:18.448 [main] INFO  - com.connectlife.coreserver.modules.ModuleFactory - Prepare module completed.
00:37:18.449 [main] INFO  - com.connectlife.coreserver.modules.datamanager.DataManager - Initialization in progress ...
00:37:18.453 [main] INFO  - com.connectlife.coreserver.modules.datamanager.DataManager - Load database file 'connectlife-coreserver.db'
00:37:18.586 [main] INFO  - com.connectlife.coreserver.modules.datamanager.DataManager - Set database default timeout '30'
00:37:18.587 [main] WARN  - com.connectlife.coreserver.modules.datamanager.DataManager - Database version isn't the right version. Database must be rebuild.
00:37:18.588 [main] WARN  - com.connectlife.coreserver.modules.datamanager.DataManager - Execute statement: drop table if exists VERSION
00:37:18.591 [main] WARN  - com.connectlife.coreserver.modules.datamanager.DataManager - Execute statement: drop table if exists CONFIG
00:37:18.592 [main] WARN  - com.connectlife.coreserver.modules.datamanager.DataManager - Execute statement: create table VERSION (number string)
00:37:18.593 [main] WARN  - com.connectlife.coreserver.modules.datamanager.DataManager - Execute statement: insert into VERSION values('0.0.0.5')
00:37:18.594 [main] WARN  - com.connectlife.coreserver.modules.datamanager.DataManager - Execute statement: create table CONFIG (section string, item string, type string, value string)
00:37:18.596 [main] WARN  - com.connectlife.coreserver.modules.datamanager.DataManager - Execute statement: insert into CONFIG values ('APISERVER','TCPIP_PORT','integer','9006')
00:37:18.597 [main] WARN  - com.connectlife.coreserver.modules.datamanager.DataManager - Execute statement: insert into CONFIG values ('CONSOLE','TCPIP_PORT','integer','9007')
00:37:18.598 [main] INFO  - com.connectlife.coreserver.modules.datamanager.DataManager - Initialization completed.
00:37:18.599 [main] INFO  - com.connectlife.coreserver.modules.environment.EnvironmentManager - Initialization in progress ...
00:37:18.599 [main] INFO  - com.connectlife.coreserver.modules.environment.EnvironmentManager - Loading environment file: /Users/ericpinet/github/connectlife-coreserver/coreserver/data/environnement.data...
00:37:18.668 [main] INFO  - com.connectlife.coreserver.modules.environment.EnvironmentManager - Environment loaded.
00:37:18.668 [main] INFO  - com.connectlife.coreserver.modules.environment.EnvironmentManager - Initialization completed.
00:37:18.668 [main] INFO  - com.connectlife.coreserver.modules.apiserver.ApiServer - Initialization in progress ...
00:37:18.833 [main] INFO  - com.connectlife.coreserver.modules.apiserver.ApiServer - Http server started with this configuration :
00:37:18.834 [main] INFO  - com.connectlife.coreserver.modules.apiserver.ApiServer - TCP/IP Port: 9006
00:37:18.834 [main] INFO  - com.connectlife.coreserver.modules.apiserver.ApiServer - Initialization completed.
00:37:18.835 [main] INFO  - com.connectlife.coreserver.modules.console.ConsoleManager - Initialization in progress ...
00:37:19.269 [main] INFO  - com.connectlife.coreserver.modules.console.ConsoleManager - Initialization completed.
00:37:19.269 [main] INFO  - com.connectlife.coreserver.Application - Initialization completed.
00:46:17.340 [main] INFO  - com.connectlife.coreserver.Application - ConnectLife - CoreServer 1.0.0.0 is starting ...
00:46:17.342 [main] INFO  - com.connectlife.coreserver.Application - Initialization started ...
00:46:17.342 [main] INFO  - com.connectlife.coreserver.Application - Base path: '/Users/ericpinet/github/connectlife-coreserver/coreserver'.
00:46:17.344 [main] INFO  - com.connectlife.coreserver.modules.ModuleFactory - Prepare module in progress ...
00:46:17.365 [main] INFO  - com.connectlife.coreserver.modules.ModuleFactory - Prepare module completed.
00:46:17.366 [main] INFO  - com.connectlife.coreserver.modules.datamanager.DataManager - Initialization in progress ...
00:46:17.370 [main] INFO  - com.connectlife.coreserver.modules.datamanager.DataManager - Load database file 'connectlife-coreserver.db'
00:46:17.497 [main] INFO  - com.connectlife.coreserver.modules.datamanager.DataManager - Set database default timeout '30'
00:46:17.498 [main] INFO  - com.connectlife.coreserver.modules.datamanager.DataManager - Database version 0.0.0.5 is good.
00:46:17.498 [main] INFO  - com.connectlife.coreserver.modules.datamanager.DataManager - Initialization completed.
00:46:17.498 [main] INFO  - com.connectlife.coreserver.modules.environment.EnvironmentManager - Initialization in progress ...
00:46:17.499 [main] INFO  - com.connectlife.coreserver.modules.environment.EnvironmentManager - Loading environment file: /Users/ericpinet/github/connectlife-coreserver/coreserver/data/environnement.data...
00:46:17.563 [main] INFO  - com.connectlife.coreserver.modules.environment.EnvironmentManager - Environment loaded.
00:46:17.564 [main] INFO  - com.connectlife.coreserver.modules.environment.EnvironmentManager - Initialization completed.
00:46:17.564 [main] INFO  - com.connectlife.coreserver.modules.console.ConsoleManager - Initialization in progress ...
00:46:18.065 [main] INFO  - com.connectlife.coreserver.modules.console.ConsoleManager - Initialization completed.
00:46:18.065 [main] INFO  - com.connectlife.coreserver.modules.apiserver.ApiServer - Initialization in progress ...
00:46:18.183 [main] INFO  - com.connectlife.coreserver.modules.apiserver.ApiServer - Http server started with this configuration :
00:46:18.183 [main] INFO  - com.connectlife.coreserver.modules.apiserver.ApiServer - TCP/IP Port: 9006
00:46:18.183 [main] INFO  - com.connectlife.coreserver.modules.apiserver.ApiServer - Initialization completed.
00:46:18.183 [main] INFO  - com.connectlife.coreserver.Application - Initialization completed.
