00:07:24.986 [main] INFO  - com.connectlife.coreserver.Application - ConnectLife - CoreServer 1.0.0.0 is starting ...
00:07:24.989 [main] INFO  - com.connectlife.coreserver.Application - Initialization started ...
00:07:24.989 [main] INFO  - com.connectlife.coreserver.Application - Base path: '/Users/ericpinet/github/connectlife-coreserver/coreserver'.
00:07:24.990 [main] INFO  - com.connectlife.coreserver.modules.ModuleFactory - Prepare module in progress ...
00:07:24.996 [main] INFO  - com.connectlife.coreserver.modules.ModuleFactory - Prepare module completed.
00:07:24.996 [main] INFO  - com.connectlife.coreserver.modules.datamanager.DataManager - Initialization in progress ...
00:07:25.002 [main] INFO  - com.connectlife.coreserver.modules.datamanager.DataManager - Load database file 'connectlife-coreserver.db'
00:07:25.157 [main] INFO  - com.connectlife.coreserver.modules.datamanager.DataManager - Set database default timeout '30'
00:07:25.159 [main] INFO  - com.connectlife.coreserver.modules.datamanager.DataManager - Database version 1.0.0.4 is good.
00:07:25.160 [main] INFO  - com.connectlife.coreserver.modules.datamanager.DataManager - Initialization completed.
00:07:25.160 [main] INFO  - com.connectlife.coreserver.modules.environment.EnvironmentManager - Initialization in progress ...
00:07:25.160 [main] ERROR - com.connectlife.coreserver.modules.environment.EnvironmentManager - Initialization failed.
00:07:25.160 [main] INFO  - com.connectlife.coreserver.modules.apiserver.ApiServer - Initialization in progress ...
00:07:25.387 [main] INFO  - com.connectlife.coreserver.modules.apiserver.ApiServer - Http server started with this configuration :
00:07:25.388 [main] INFO  - com.connectlife.coreserver.modules.apiserver.ApiServer - TCP/IP Port: 9006
00:07:25.388 [main] INFO  - com.connectlife.coreserver.modules.apiserver.ApiServer - Initialization completed.
00:07:25.388 [main] INFO  - com.connectlife.coreserver.modules.datamanager.DataManager - UnInitialization in progress ...
00:07:25.389 [main] INFO  - com.connectlife.coreserver.modules.datamanager.DataManager - UnInitialization completed.
00:07:25.389 [main] INFO  - com.connectlife.coreserver.modules.apiserver.ApiServer - UnInitialization in progress ...
00:07:25.389 [main] INFO  - com.connectlife.coreserver.modules.apiserver.ApiServer - UnInitialization completed.
00:07:25.390 [main] INFO  - com.connectlife.coreserver.Application - ConnectLife - CoreServer 1.0.0.0 closed.
